<?xml version="1.0" encoding="UTF-8"?>
<testsuite xmlns:xsi="http://www.w3.org/2001/XMLSchema-instance" xsi:noNamespaceSchemaLocation="https://maven.apache.org/surefire/maven-surefire-plugin/xsd/surefire-test-report-3.0.xsd" version="3.0" name="it.pagopa.wf.engine.delegate.TracerDelegateStartTest" time="0.996" tests="1" errors="0" skipped="0" failures="0">
  <properties>
    <property name="java.specification.version" value="21"/>
    <property name="sun.jnu.encoding" value="UTF-8"/>
    <property name="java.class.path" value="/home/runner/work/atm-layer-wf-engine/atm-layer-wf-engine/target/test-classes:/home/runner/work/atm-layer-wf-engine/atm-layer-wf-engine/target/classes:/home/runner/.m2/repository/org/camunda/bpm/springboot/camunda-bpm-spring-boot-starter-rest/7.20.0/camunda-bpm-spring-boot-starter-rest-7.20.0.jar:/home/runner/.m2/repository/org/camunda/bpm/springboot/camunda-bpm-spring-boot-starter/7.20.0/camunda-bpm-spring-boot-starter-7.20.0.jar:/home/runner/.m2/repository/org/camunda/bpm/camunda-engine-spring-6/7.20.0/camunda-engine-spring-6-7.20.0.jar:/home/runner/.m2/repository/org/springframework/spring-context/6.0.16/spring-context-6.0.16.jar:/home/runner/.m2/repository/org/springframework/spring-tx/6.0.16/spring-tx-6.0.16.jar:/home/runner/.m2/repository/org/springframework/spring-orm/6.0.16/spring-orm-6.0.16.jar:/home/runner/.m2/repository/org/springframework/boot/spring-boot-autoconfigure/3.1.8/spring-boot-autoconfigure-3.1.8.jar:/home/runner/.m2/repository/org/apache/commons/commons-lang3/3.12.0/commons-lang3-3.12.0.jar:/home/runner/.m2/repository/com/fasterxml/uuid/java-uuid-generator/3.2.0/java-uuid-generator-3.2.0.jar:/home/runner/.m2/repository/com/sun/xml/bind/jaxb-impl/4.0.4/jaxb-impl-4.0.4.jar:/home/runner/.m2/repository/com/sun/xml/bind/jaxb-core/4.0.4/jaxb-core-4.0.4.jar:/home/runner/.m2/repository/org/eclipse/angus/angus-activation/2.0.1/angus-activation-2.0.1.jar:/home/runner/.m2/repository/org/camunda/bpm/camunda-engine-rest-core-jakarta/7.20.0/camunda-engine-rest-core-jakarta-7.20.0.jar:/home/runner/.m2/repository/commons-fileupload/commons-fileupload/1.5/commons-fileupload-1.5.jar:/home/runner/.m2/repository/commons-io/commons-io/2.8.0/commons-io-2.8.0.jar:/home/runner/.m2/repository/com/fasterxml/jackson/jakarta/rs/jackson-jakarta-rs-json-provider/2.15.3/jackson-jakarta-rs-json-provider-2.15.3.jar:/home/runner/.m2/repository/com/fasterxml/jackson/jakarta/rs/jackson-jakarta-rs-base/2.15.3/jackson-jakarta-rs-base-2.15.3.jar:/home/runner/.m2/repository/com/fasterxml/jackson/module/jackson-module-jakarta-xmlbind-annotations/2.15.3/jackson-module-jakarta-xmlbind-annotations-2.15.3.jar:/home/runner/.m2/repository/com/fasterxml/jackson/core/jackson-databind/2.15.3/jackson-databind-2.15.3.jar:/home/runner/.m2/repository/com/fasterxml/jackson/core/jackson-annotations/2.15.3/jackson-annotations-2.15.3.jar:/home/runner/.m2/repository/com/fasterxml/jackson/core/jackson-core/2.15.3/jackson-core-2.15.3.jar:/home/runner/.m2/repository/com/fasterxml/jackson/datatype/jackson-datatype-jsr310/2.15.3/jackson-datatype-jsr310-2.15.3.jar:/home/runner/.m2/repository/org/springframework/boot/spring-boot-starter-jersey/3.1.8/spring-boot-starter-jersey-3.1.8.jar:/home/runner/.m2/repository/org/springframework/boot/spring-boot-starter-validation/3.1.8/spring-boot-starter-validation-3.1.8.jar:/home/runner/.m2/repository/org/hibernate/validator/hibernate-validator/8.0.1.Final/hibernate-validator-8.0.1.Final.jar:/home/runner/.m2/repository/com/fasterxml/classmate/1.5.1/classmate-1.5.1.jar:/home/runner/.m2/repository/org/glassfish/jersey/containers/jersey-container-servlet-core/3.1.5/jersey-container-servlet-core-3.1.5.jar:/home/runner/.m2/repository/jakarta/inject/jakarta.inject-api/2.0.1/jakarta.inject-api-2.0.1.jar:/home/runner/.m2/repository/org/glassfish/jersey/core/jersey-common/3.1.5/jersey-common-3.1.5.jar:/home/runner/.m2/repository/org/glassfish/hk2/osgi-resource-locator/1.0.3/osgi-resource-locator-1.0.3.jar:/home/runner/.m2/repository/jakarta/ws/rs/jakarta.ws.rs-api/3.1.0/jakarta.ws.rs-api-3.1.0.jar:/home/runner/.m2/repository/org/glassfish/jersey/containers/jersey-container-servlet/3.1.5/jersey-container-servlet-3.1.5.jar:/home/runner/.m2/repository/org/glassfish/jersey/core/jersey-server/3.1.5/jersey-server-3.1.5.jar:/home/runner/.m2/repository/org/glassfish/jersey/core/jersey-client/3.1.5/jersey-client-3.1.5.jar:/home/runner/.m2/repository/jakarta/validation/jakarta.validation-api/3.0.2/jakarta.validation-api-3.0.2.jar:/home/runner/.m2/repository/org/glassfish/jersey/ext/jersey-bean-validation/3.1.5/jersey-bean-validation-3.1.5.jar:/home/runner/.m2/repository/org/jboss/logging/jboss-logging/3.5.3.Final/jboss-logging-3.5.3.Final.jar:/home/runner/.m2/repository/org/glassfish/jersey/ext/jersey-spring6/3.1.5/jersey-spring6-3.1.5.jar:/home/runner/.m2/repository/org/glassfish/jersey/inject/jersey-hk2/3.1.5/jersey-hk2-3.1.5.jar:/home/runner/.m2/repository/org/glassfish/hk2/hk2-locator/3.0.5/hk2-locator-3.0.5.jar:/home/runner/.m2/repository/org/glassfish/hk2/external/aopalliance-repackaged/3.0.5/aopalliance-repackaged-3.0.5.jar:/home/runner/.m2/repository/org/javassist/javassist/3.29.2-GA/javassist-3.29.2-GA.jar:/home/runner/.m2/repository/org/glassfish/hk2/hk2/3.0.5/hk2-3.0.5.jar:/home/runner/.m2/repository/org/glassfish/hk2/hk2-utils/3.0.5/hk2-utils-3.0.5.jar:/home/runner/.m2/repository/org/glassfish/hk2/hk2-api/3.0.5/hk2-api-3.0.5.jar:/home/runner/.m2/repository/org/glassfish/hk2/hk2-core/3.0.5/hk2-core-3.0.5.jar:/home/runner/.m2/repository/org/glassfish/hk2/hk2-runlevel/3.0.5/hk2-runlevel-3.0.5.jar:/home/runner/.m2/repository/org/glassfish/hk2/class-model/3.0.5/class-model-3.0.5.jar:/home/runner/.m2/repository/org/ow2/asm/asm-analysis/9.6/asm-analysis-9.6.jar:/home/runner/.m2/repository/org/ow2/asm/asm-commons/9.6/asm-commons-9.6.jar:/home/runner/.m2/repository/org/ow2/asm/asm-tree/9.6/asm-tree-9.6.jar:/home/runner/.m2/repository/org/ow2/asm/asm-util/9.6/asm-util-9.6.jar:/home/runner/.m2/repository/org/glassfish/hk2/spring-bridge/3.0.5/spring-bridge-3.0.5.jar:/home/runner/.m2/repository/org/glassfish/jersey/media/jersey-media-json-jackson/3.1.5/jersey-media-json-jackson-3.1.5.jar:/home/runner/.m2/repository/org/glassfish/jersey/ext/jersey-entity-filtering/3.1.5/jersey-entity-filtering-3.1.5.jar:/home/runner/.m2/repository/org/camunda/bpm/springboot/camunda-bpm-spring-boot-starter-webapp/7.20.0/camunda-bpm-spring-boot-starter-webapp-7.20.0.jar:/home/runner/.m2/repository/org/camunda/bpm/springboot/camunda-bpm-spring-boot-starter-webapp-core/7.20.0/camunda-bpm-spring-boot-starter-webapp-core-7.20.0.jar:/home/runner/.m2/repository/org/camunda/bpm/webapp/camunda-webapp-jakarta/7.20.0/camunda-webapp-jakarta-7.20.0-classes.jar:/home/runner/.m2/repository/org/camunda/bpm/webapp/camunda-webapp-webjar/7.20.0/camunda-webapp-webjar-7.20.0.jar:/home/runner/.m2/repository/com/zaxxer/HikariCP/5.0.1/HikariCP-5.0.1.jar:/home/runner/.m2/repository/org/slf4j/slf4j-api/2.0.11/slf4j-api-2.0.11.jar:/home/runner/.m2/repository/org/camunda/bpm/camunda-engine/7.20.0/camunda-engine-7.20.0.jar:/home/runner/.m2/repository/org/camunda/bpm/model/camunda-bpmn-model/7.20.0/camunda-bpmn-model-7.20.0.jar:/home/runner/.m2/repository/org/camunda/bpm/model/camunda-xml-model/7.20.0/camunda-xml-model-7.20.0.jar:/home/runner/.m2/repository/org/camunda/bpm/model/camunda-cmmn-model/7.20.0/camunda-cmmn-model-7.20.0.jar:/home/runner/.m2/repository/org/camunda/bpm/juel/camunda-juel/7.20.0/camunda-juel-7.20.0.jar:/home/runner/.m2/repository/org/camunda/bpm/dmn/camunda-engine-dmn/7.20.0/camunda-engine-dmn-7.20.0.jar:/home/runner/.m2/repository/org/camunda/bpm/model/camunda-dmn-model/7.20.0/camunda-dmn-model-7.20.0.jar:/home/runner/.m2/repository/org/camunda/bpm/dmn/camunda-engine-feel-api/7.20.0/camunda-engine-feel-api-7.20.0.jar:/home/runner/.m2/repository/org/camunda/bpm/dmn/camunda-engine-feel-juel/7.20.0/camunda-engine-feel-juel-7.20.0.jar:/home/runner/.m2/repository/org/camunda/bpm/dmn/camunda-engine-feel-scala/7.20.0/camunda-engine-feel-scala-7.20.0.jar:/home/runner/.m2/repository/org/camunda/feel/feel-engine/1.16.2/feel-engine-1.16.2-scala-shaded.jar:/home/runner/.m2/repository/org/camunda/commons/camunda-commons-logging/1.13.0/camunda-commons-logging-1.13.0.jar:/home/runner/.m2/repository/org/camunda/commons/camunda-commons-typed-values/7.20.0/camunda-commons-typed-values-7.20.0.jar:/home/runner/.m2/repository/org/mybatis/mybatis/3.5.6/mybatis-3.5.6.jar:/home/runner/.m2/repository/org/springframework/spring-beans/6.0.16/spring-beans-6.0.16.jar:/home/runner/.m2/repository/org/springframework/spring-core/6.0.16/spring-core-6.0.16.jar:/home/runner/.m2/repository/org/springframework/spring-jcl/6.0.16/spring-jcl-6.0.16.jar:/home/runner/.m2/repository/joda-time/joda-time/2.1/joda-time-2.1.jar:/home/runner/.m2/repository/org/camunda/connect/camunda-connect-core/1.6.0/camunda-connect-core-1.6.0.jar:/home/runner/.m2/repository/org/camunda/connect/camunda-connect-connectors-all/1.6.0/camunda-connect-connectors-all-1.6.0.jar:/home/runner/.m2/repository/org/camunda/bpm/camunda-engine-spring/7.20.0/camunda-engine-spring-7.20.0.jar:/home/runner/.m2/repository/org/camunda/bpm/camunda-engine-plugin-spin/7.20.0/camunda-engine-plugin-spin-7.20.0.jar:/home/runner/.m2/repository/org/camunda/spin/camunda-spin-core/1.22.0/camunda-spin-core-1.22.0.jar:/home/runner/.m2/repository/org/camunda/commons/camunda-commons-utils/1.13.0/camunda-commons-utils-1.13.0.jar:/home/runner/.m2/repository/org/camunda/spin/camunda-spin-dataformat-all/1.22.0/camunda-spin-dataformat-all-1.22.0.jar:/home/runner/.m2/repository/org/springframework/boot/spring-boot-starter-data-redis/3.1.8/spring-boot-starter-data-redis-3.1.8.jar:/home/runner/.m2/repository/org/springframework/boot/spring-boot-starter/3.1.8/spring-boot-starter-3.1.8.jar:/home/runner/.m2/repository/org/springframework/boot/spring-boot/3.1.8/spring-boot-3.1.8.jar:/home/runner/.m2/repository/org/springframework/boot/spring-boot-starter-logging/3.1.8/spring-boot-starter-logging-3.1.8.jar:/home/runner/.m2/repository/ch/qos/logback/logback-classic/1.4.14/logback-classic-1.4.14.jar:/home/runner/.m2/repository/ch/qos/logback/logback-core/1.4.14/logback-core-1.4.14.jar:/home/runner/.m2/repository/org/apache/logging/log4j/log4j-to-slf4j/2.20.0/log4j-to-slf4j-2.20.0.jar:/home/runner/.m2/repository/org/apache/logging/log4j/log4j-api/2.20.0/log4j-api-2.20.0.jar:/home/runner/.m2/repository/org/slf4j/jul-to-slf4j/2.0.11/jul-to-slf4j-2.0.11.jar:/home/runner/.m2/repository/jakarta/annotation/jakarta.annotation-api/2.1.1/jakarta.annotation-api-2.1.1.jar:/home/runner/.m2/repository/org/yaml/snakeyaml/1.33/snakeyaml-1.33.jar:/home/runner/.m2/repository/org/springframework/data/spring-data-redis/3.1.8/spring-data-redis-3.1.8.jar:/home/runner/.m2/repository/org/springframework/data/spring-data-keyvalue/3.1.8/spring-data-keyvalue-3.1.8.jar:/home/runner/.m2/repository/org/springframework/data/spring-data-commons/3.1.8/spring-data-commons-3.1.8.jar:/home/runner/.m2/repository/org/springframework/spring-oxm/6.0.16/spring-oxm-6.0.16.jar:/home/runner/.m2/repository/org/springframework/spring-aop/6.0.16/spring-aop-6.0.16.jar:/home/runner/.m2/repository/org/springframework/spring-context-support/6.0.16/spring-context-support-6.0.16.jar:/home/runner/.m2/repository/io/lettuce/lettuce-core/6.2.7.RELEASE/lettuce-core-6.2.7.RELEASE.jar:/home/runner/.m2/repository/io/netty/netty-common/4.1.105.Final/netty-common-4.1.105.Final.jar:/home/runner/.m2/repository/io/netty/netty-handler/4.1.105.Final/netty-handler-4.1.105.Final.jar:/home/runner/.m2/repository/io/netty/netty-resolver/4.1.105.Final/netty-resolver-4.1.105.Final.jar:/home/runner/.m2/repository/io/netty/netty-buffer/4.1.105.Final/netty-buffer-4.1.105.Final.jar:/home/runner/.m2/repository/io/netty/netty-transport-native-unix-common/4.1.105.Final/netty-transport-native-unix-common-4.1.105.Final.jar:/home/runner/.m2/repository/io/netty/netty-codec/4.1.105.Final/netty-codec-4.1.105.Final.jar:/home/runner/.m2/repository/io/netty/netty-transport/4.1.105.Final/netty-transport-4.1.105.Final.jar:/home/runner/.m2/repository/io/projectreactor/reactor-core/3.5.14/reactor-core-3.5.14.jar:/home/runner/.m2/repository/org/reactivestreams/reactive-streams/1.0.4/reactive-streams-1.0.4.jar:/home/runner/.m2/repository/redis/clients/jedis/3.7.0/jedis-3.7.0.jar:/home/runner/.m2/repository/org/apache/commons/commons-pool2/2.11.1/commons-pool2-2.11.1.jar:/home/runner/.m2/repository/net/ttddyy/observation/datasource-micrometer-spring-boot/1.0.3/datasource-micrometer-spring-boot-1.0.3.jar:/home/runner/.m2/repository/net/ttddyy/observation/datasource-micrometer/1.0.3/datasource-micrometer-1.0.3.jar:/home/runner/.m2/repository/net/ttddyy/datasource-proxy/1.8.1/datasource-proxy-1.8.1.jar:/home/runner/.m2/repository/org/springframework/boot/spring-boot-actuator-autoconfigure/3.1.8/spring-boot-actuator-autoconfigure-3.1.8.jar:/home/runner/.m2/repository/org/springframework/boot/spring-boot-actuator/3.1.8/spring-boot-actuator-3.1.8.jar:/home/runner/.m2/repository/org/camunda/bpm/springboot/camunda-bpm-spring-boot-starter-test/7.20.0/camunda-bpm-spring-boot-starter-test-7.20.0.jar:/home/runner/.m2/repository/org/springframework/boot/spring-boot-starter-test/3.1.8/spring-boot-starter-test-3.1.8.jar:/home/runner/.m2/repository/org/springframework/boot/spring-boot-test/3.1.8/spring-boot-test-3.1.8.jar:/home/runner/.m2/repository/org/springframework/boot/spring-boot-test-autoconfigure/3.1.8/spring-boot-test-autoconfigure-3.1.8.jar:/home/runner/.m2/repository/com/jayway/jsonpath/json-path/2.8.0/json-path-2.8.0.jar:/home/runner/.m2/repository/jakarta/xml/bind/jakarta.xml.bind-api/4.0.1/jakarta.xml.bind-api-4.0.1.jar:/home/runner/.m2/repository/jakarta/activation/jakarta.activation-api/2.1.2/jakarta.activation-api-2.1.2.jar:/home/runner/.m2/repository/net/minidev/json-smart/2.4.11/json-smart-2.4.11.jar:/home/runner/.m2/repository/net/minidev/accessors-smart/2.4.11/accessors-smart-2.4.11.jar:/home/runner/.m2/repository/org/ow2/asm/asm/9.3/asm-9.3.jar:/home/runner/.m2/repository/org/assertj/assertj-core/3.24.2/assertj-core-3.24.2.jar:/home/runner/.m2/repository/net/bytebuddy/byte-buddy/1.14.11/byte-buddy-1.14.11.jar:/home/runner/.m2/repository/org/hamcrest/hamcrest/2.2/hamcrest-2.2.jar:/home/runner/.m2/repository/org/junit/jupiter/junit-jupiter/5.9.3/junit-jupiter-5.9.3.jar:/home/runner/.m2/repository/org/junit/jupiter/junit-jupiter-api/5.9.3/junit-jupiter-api-5.9.3.jar:/home/runner/.m2/repository/org/junit/jupiter/junit-jupiter-params/5.9.3/junit-jupiter-params-5.9.3.jar:/home/runner/.m2/repository/org/junit/jupiter/junit-jupiter-engine/5.9.3/junit-jupiter-engine-5.9.3.jar:/home/runner/.m2/repository/org/mockito/mockito-core/5.3.1/mockito-core-5.3.1.jar:/home/runner/.m2/repository/net/bytebuddy/byte-buddy-agent/1.14.11/byte-buddy-agent-1.14.11.jar:/home/runner/.m2/repository/org/objenesis/objenesis/3.3/objenesis-3.3.jar:/home/runner/.m2/repository/org/mockito/mockito-junit-jupiter/5.3.1/mockito-junit-jupiter-5.3.1.jar:/home/runner/.m2/repository/org/skyscreamer/jsonassert/1.5.1/jsonassert-1.5.1.jar:/home/runner/.m2/repository/com/vaadin/external/google/android-json/0.0.20131108.vaadin1/android-json-0.0.20131108.vaadin1.jar:/home/runner/.m2/repository/org/springframework/spring-test/6.0.16/spring-test-6.0.16.jar:/home/runner/.m2/repository/org/xmlunit/xmlunit-core/2.9.1/xmlunit-core-2.9.1.jar:/home/runner/.m2/repository/org/junit/vintage/junit-vintage-engine/5.9.3/junit-vintage-engine-5.9.3.jar:/home/runner/.m2/repository/org/junit/platform/junit-platform-engine/1.9.3/junit-platform-engine-1.9.3.jar:/home/runner/.m2/repository/org/opentest4j/opentest4j/1.2.0/opentest4j-1.2.0.jar:/home/runner/.m2/repository/org/junit/platform/junit-platform-commons/1.9.3/junit-platform-commons-1.9.3.jar:/home/runner/.m2/repository/junit/junit/4.13.2/junit-4.13.2.jar:/home/runner/.m2/repository/org/apiguardian/apiguardian-api/1.1.2/apiguardian-api-1.1.2.jar:/home/runner/.m2/repository/org/camunda/bpm/camunda-bpm-assert/7.20.0/camunda-bpm-assert-7.20.0.jar:/home/runner/.m2/repository/org/springframework/boot/spring-boot-starter-web/3.1.8/spring-boot-starter-web-3.1.8.jar:/home/runner/.m2/repository/org/springframework/boot/spring-boot-starter-json/3.1.8/spring-boot-starter-json-3.1.8.jar:/home/runner/.m2/repository/com/fasterxml/jackson/datatype/jackson-datatype-jdk8/2.15.3/jackson-datatype-jdk8-2.15.3.jar:/home/runner/.m2/repository/com/fasterxml/jackson/module/jackson-module-parameter-names/2.15.3/jackson-module-parameter-names-2.15.3.jar:/home/runner/.m2/repository/org/springframework/boot/spring-boot-starter-tomcat/3.1.8/spring-boot-starter-tomcat-3.1.8.jar:/home/runner/.m2/repository/org/apache/tomcat/embed/tomcat-embed-core/10.1.18/tomcat-embed-core-10.1.18.jar:/home/runner/.m2/repository/org/apache/tomcat/embed/tomcat-embed-el/10.1.18/tomcat-embed-el-10.1.18.jar:/home/runner/.m2/repository/org/apache/tomcat/embed/tomcat-embed-websocket/10.1.18/tomcat-embed-websocket-10.1.18.jar:/home/runner/.m2/repository/org/springframework/spring-web/6.0.16/spring-web-6.0.16.jar:/home/runner/.m2/repository/org/springframework/spring-webmvc/6.0.16/spring-webmvc-6.0.16.jar:/home/runner/.m2/repository/org/springframework/spring-expression/6.0.16/spring-expression-6.0.16.jar:/home/runner/.m2/repository/com/h2database/h2/2.1.214/h2-2.1.214.jar:/home/runner/.m2/repository/org/springframework/boot/spring-boot-starter-jdbc/3.1.8/spring-boot-starter-jdbc-3.1.8.jar:/home/runner/.m2/repository/org/springframework/spring-jdbc/6.0.16/spring-jdbc-6.0.16.jar:/home/runner/.m2/repository/org/springframework/boot/spring-boot-starter-actuator/3.1.8/spring-boot-starter-actuator-3.1.8.jar:/home/runner/.m2/repository/io/micrometer/micrometer-observation/1.11.8/micrometer-observation-1.11.8.jar:/home/runner/.m2/repository/io/micrometer/micrometer-commons/1.11.8/micrometer-commons-1.11.8.jar:/home/runner/.m2/repository/io/micrometer/micrometer-core/1.11.8/micrometer-core-1.11.8.jar:/home/runner/.m2/repository/org/hdrhistogram/HdrHistogram/2.1.12/HdrHistogram-2.1.12.jar:/home/runner/.m2/repository/org/latencyutils/LatencyUtils/2.0.3/LatencyUtils-2.0.3.jar:/home/runner/.m2/repository/io/micrometer/micrometer-tracing/1.1.9/micrometer-tracing-1.1.9.jar:/home/runner/.m2/repository/io/micrometer/context-propagation/1.0.6/context-propagation-1.0.6.jar:/home/runner/.m2/repository/aopalliance/aopalliance/1.0/aopalliance-1.0.jar:/home/runner/.m2/repository/io/micrometer/micrometer-tracing-bridge-otel/1.1.9/micrometer-tracing-bridge-otel-1.1.9.jar:/home/runner/.m2/repository/io/opentelemetry/opentelemetry-api/1.25.0/opentelemetry-api-1.25.0.jar:/home/runner/.m2/repository/io/opentelemetry/opentelemetry-context/1.25.0/opentelemetry-context-1.25.0.jar:/home/runner/.m2/repository/io/opentelemetry/opentelemetry-semconv/1.25.0-alpha/opentelemetry-semconv-1.25.0-alpha.jar:/home/runner/.m2/repository/io/opentelemetry/opentelemetry-sdk-common/1.25.0/opentelemetry-sdk-common-1.25.0.jar:/home/runner/.m2/repository/io/opentelemetry/opentelemetry-sdk-trace/1.25.0/opentelemetry-sdk-trace-1.25.0.jar:/home/runner/.m2/repository/io/opentelemetry/opentelemetry-sdk/1.25.0/opentelemetry-sdk-1.25.0.jar:/home/runner/.m2/repository/io/opentelemetry/opentelemetry-sdk-logs/1.25.0-alpha/opentelemetry-sdk-logs-1.25.0-alpha.jar:/home/runner/.m2/repository/io/opentelemetry/opentelemetry-api-logs/1.25.0-alpha/opentelemetry-api-logs-1.25.0-alpha.jar:/home/runner/.m2/repository/io/opentelemetry/opentelemetry-api-events/1.25.0-alpha/opentelemetry-api-events-1.25.0-alpha.jar:/home/runner/.m2/repository/io/opentelemetry/instrumentation/opentelemetry-instrumentation-api-semconv/1.25.1-alpha/opentelemetry-instrumentation-api-semconv-1.25.1-alpha.jar:/home/runner/.m2/repository/io/opentelemetry/instrumentation/opentelemetry-instrumentation-api/1.25.1/opentelemetry-instrumentation-api-1.25.1.jar:/home/runner/.m2/repository/io/opentelemetry/opentelemetry-extension-trace-propagators/1.25.0/opentelemetry-extension-trace-propagators-1.25.0.jar:/home/runner/.m2/repository/io/opentelemetry/opentelemetry-exporter-otlp/1.25.0/opentelemetry-exporter-otlp-1.25.0.jar:/home/runner/.m2/repository/io/opentelemetry/opentelemetry-sdk-metrics/1.25.0/opentelemetry-sdk-metrics-1.25.0.jar:/home/runner/.m2/repository/io/opentelemetry/opentelemetry-exporter-otlp-common/1.25.0/opentelemetry-exporter-otlp-common-1.25.0.jar:/home/runner/.m2/repository/io/opentelemetry/opentelemetry-exporter-common/1.25.0/opentelemetry-exporter-common-1.25.0.jar:/home/runner/.m2/repository/com/squareup/okhttp3/okhttp/4.10.0/okhttp-4.10.0.jar:/home/runner/.m2/repository/com/squareup/okio/okio-jvm/3.0.0/okio-jvm-3.0.0.jar:/home/runner/.m2/repository/org/jetbrains/kotlin/kotlin-stdlib-jdk8/1.8.22/kotlin-stdlib-jdk8-1.8.22.jar:/home/runner/.m2/repository/org/jetbrains/kotlin/kotlin-stdlib-jdk7/1.8.22/kotlin-stdlib-jdk7-1.8.22.jar:/home/runner/.m2/repository/org/jetbrains/kotlin/kotlin-stdlib-common/1.8.22/kotlin-stdlib-common-1.8.22.jar:/home/runner/.m2/repository/org/jetbrains/kotlin/kotlin-stdlib/1.8.22/kotlin-stdlib-1.8.22.jar:/home/runner/.m2/repository/org/jetbrains/annotations/13.0/annotations-13.0.jar:/home/runner/.m2/repository/io/opentelemetry/opentelemetry-sdk-extension-autoconfigure-spi/1.25.0/opentelemetry-sdk-extension-autoconfigure-spi-1.25.0.jar:/home/runner/.m2/repository/org/projectlombok/lombok/1.18.30/lombok-1.18.30.jar:/home/runner/.m2/repository/org/postgresql/postgresql/42.7.2/postgresql-42.7.2.jar:/home/runner/.m2/repository/org/checkerframework/checker-qual/3.42.0/checker-qual-3.42.0.jar:/home/runner/.m2/repository/org/graalvm/js/js/21.1.0/js-21.1.0.jar:/home/runner/.m2/repository/org/graalvm/regex/regex/21.1.0/regex-21.1.0.jar:/home/runner/.m2/repository/org/graalvm/truffle/truffle-api/21.1.0/truffle-api-21.1.0.jar:/home/runner/.m2/repository/org/graalvm/sdk/graal-sdk/21.1.0/graal-sdk-21.1.0.jar:/home/runner/.m2/repository/com/ibm/icu/icu4j/68.2/icu4j-68.2.jar:/home/runner/.m2/repository/org/graalvm/js/js-scriptengine/21.1.0/js-scriptengine-21.1.0.jar:/home/runner/.m2/repository/org/sonarsource/scanner/maven/sonar-maven-plugin/3.11.0.3922/sonar-maven-plugin-3.11.0.3922.jar:/home/runner/.m2/repository/org/codehaus/plexus/plexus-sec-dispatcher/2.0/plexus-sec-dispatcher-2.0.jar:/home/runner/.m2/repository/org/codehaus/plexus/plexus-utils/3.4.1/plexus-utils-3.4.1.jar:/home/runner/.m2/repository/org/codehaus/plexus/plexus-cipher/2.0/plexus-cipher-2.0.jar:/home/runner/.m2/repository/javax/inject/javax.inject/1/javax.inject-1.jar:/home/runner/.m2/repository/org/sonarsource/scanner/api/sonar-scanner-api/2.16.3.1081/sonar-scanner-api-2.16.3.1081.jar:/home/runner/.m2/repository/commons-lang/commons-lang/2.6/commons-lang-2.6.jar:"/>
    <property name="java.vm.vendor" value="Oracle Corporation"/>
    <property name="sun.arch.data.model" value="64"/>
    <property name="java.vendor.url" value="https://java.oracle.com/"/>
    <property name="user.timezone" value="Etc/UTC"/>
    <property name="os.name" value="Linux"/>
    <property name="java.vm.specification.version" value="21"/>
    <property name="sun.java.launcher" value="SUN_STANDARD"/>
    <property name="sun.boot.library.path" value="/opt/hostedtoolcache/graalvm-jdk-21_linux-x64_bin/21.0.0/x64/graalvm-jdk-21.0.3+7.1/lib"/>
    <property name="sun.java.command" value="/home/runner/work/atm-layer-wf-engine/atm-layer-wf-engine/target/surefire/surefirebooter-20240604131035416_3.jar /home/runner/work/atm-layer-wf-engine/atm-layer-wf-engine/target/surefire 2024-06-04T13-10-35_266-jvmRun1 surefire-20240604131035416_1tmp surefire_0-20240604131035416_2tmp"/>
    <property name="jdk.debug" value="release"/>
    <property name="surefire.test.class.path" value="/home/runner/work/atm-layer-wf-engine/atm-layer-wf-engine/target/test-classes:/home/runner/work/atm-layer-wf-engine/atm-layer-wf-engine/target/classes:/home/runner/.m2/repository/org/camunda/bpm/springboot/camunda-bpm-spring-boot-starter-rest/7.20.0/camunda-bpm-spring-boot-starter-rest-7.20.0.jar:/home/runner/.m2/repository/org/camunda/bpm/springboot/camunda-bpm-spring-boot-starter/7.20.0/camunda-bpm-spring-boot-starter-7.20.0.jar:/home/runner/.m2/repository/org/camunda/bpm/camunda-engine-spring-6/7.20.0/camunda-engine-spring-6-7.20.0.jar:/home/runner/.m2/repository/org/springframework/spring-context/6.0.16/spring-context-6.0.16.jar:/home/runner/.m2/repository/org/springframework/spring-tx/6.0.16/spring-tx-6.0.16.jar:/home/runner/.m2/repository/org/springframework/spring-orm/6.0.16/spring-orm-6.0.16.jar:/home/runner/.m2/repository/org/springframework/boot/spring-boot-autoconfigure/3.1.8/spring-boot-autoconfigure-3.1.8.jar:/home/runner/.m2/repository/org/apache/commons/commons-lang3/3.12.0/commons-lang3-3.12.0.jar:/home/runner/.m2/repository/com/fasterxml/uuid/java-uuid-generator/3.2.0/java-uuid-generator-3.2.0.jar:/home/runner/.m2/repository/com/sun/xml/bind/jaxb-impl/4.0.4/jaxb-impl-4.0.4.jar:/home/runner/.m2/repository/com/sun/xml/bind/jaxb-core/4.0.4/jaxb-core-4.0.4.jar:/home/runner/.m2/repository/org/eclipse/angus/angus-activation/2.0.1/angus-activation-2.0.1.jar:/home/runner/.m2/repository/org/camunda/bpm/camunda-engine-rest-core-jakarta/7.20.0/camunda-engine-rest-core-jakarta-7.20.0.jar:/home/runner/.m2/repository/commons-fileupload/commons-fileupload/1.5/commons-fileupload-1.5.jar:/home/runner/.m2/repository/commons-io/commons-io/2.8.0/commons-io-2.8.0.jar:/home/runner/.m2/repository/com/fasterxml/jackson/jakarta/rs/jackson-jakarta-rs-json-provider/2.15.3/jackson-jakarta-rs-json-provider-2.15.3.jar:/home/runner/.m2/repository/com/fasterxml/jackson/jakarta/rs/jackson-jakarta-rs-base/2.15.3/jackson-jakarta-rs-base-2.15.3.jar:/home/runner/.m2/repository/com/fasterxml/jackson/module/jackson-module-jakarta-xmlbind-annotations/2.15.3/jackson-module-jakarta-xmlbind-annotations-2.15.3.jar:/home/runner/.m2/repository/com/fasterxml/jackson/core/jackson-databind/2.15.3/jackson-databind-2.15.3.jar:/home/runner/.m2/repository/com/fasterxml/jackson/core/jackson-annotations/2.15.3/jackson-annotations-2.15.3.jar:/home/runner/.m2/repository/com/fasterxml/jackson/core/jackson-core/2.15.3/jackson-core-2.15.3.jar:/home/runner/.m2/repository/com/fasterxml/jackson/datatype/jackson-datatype-jsr310/2.15.3/jackson-datatype-jsr310-2.15.3.jar:/home/runner/.m2/repository/org/springframework/boot/spring-boot-starter-jersey/3.1.8/spring-boot-starter-jersey-3.1.8.jar:/home/runner/.m2/repository/org/springframework/boot/spring-boot-starter-validation/3.1.8/spring-boot-starter-validation-3.1.8.jar:/home/runner/.m2/repository/org/hibernate/validator/hibernate-validator/8.0.1.Final/hibernate-validator-8.0.1.Final.jar:/home/runner/.m2/repository/com/fasterxml/classmate/1.5.1/classmate-1.5.1.jar:/home/runner/.m2/repository/org/glassfish/jersey/containers/jersey-container-servlet-core/3.1.5/jersey-container-servlet-core-3.1.5.jar:/home/runner/.m2/repository/jakarta/inject/jakarta.inject-api/2.0.1/jakarta.inject-api-2.0.1.jar:/home/runner/.m2/repository/org/glassfish/jersey/core/jersey-common/3.1.5/jersey-common-3.1.5.jar:/home/runner/.m2/repository/org/glassfish/hk2/osgi-resource-locator/1.0.3/osgi-resource-locator-1.0.3.jar:/home/runner/.m2/repository/jakarta/ws/rs/jakarta.ws.rs-api/3.1.0/jakarta.ws.rs-api-3.1.0.jar:/home/runner/.m2/repository/org/glassfish/jersey/containers/jersey-container-servlet/3.1.5/jersey-container-servlet-3.1.5.jar:/home/runner/.m2/repository/org/glassfish/jersey/core/jersey-server/3.1.5/jersey-server-3.1.5.jar:/home/runner/.m2/repository/org/glassfish/jersey/core/jersey-client/3.1.5/jersey-client-3.1.5.jar:/home/runner/.m2/repository/jakarta/validation/jakarta.validation-api/3.0.2/jakarta.validation-api-3.0.2.jar:/home/runner/.m2/repository/org/glassfish/jersey/ext/jersey-bean-validation/3.1.5/jersey-bean-validation-3.1.5.jar:/home/runner/.m2/repository/org/jboss/logging/jboss-logging/3.5.3.Final/jboss-logging-3.5.3.Final.jar:/home/runner/.m2/repository/org/glassfish/jersey/ext/jersey-spring6/3.1.5/jersey-spring6-3.1.5.jar:/home/runner/.m2/repository/org/glassfish/jersey/inject/jersey-hk2/3.1.5/jersey-hk2-3.1.5.jar:/home/runner/.m2/repository/org/glassfish/hk2/hk2-locator/3.0.5/hk2-locator-3.0.5.jar:/home/runner/.m2/repository/org/glassfish/hk2/external/aopalliance-repackaged/3.0.5/aopalliance-repackaged-3.0.5.jar:/home/runner/.m2/repository/org/javassist/javassist/3.29.2-GA/javassist-3.29.2-GA.jar:/home/runner/.m2/repository/org/glassfish/hk2/hk2/3.0.5/hk2-3.0.5.jar:/home/runner/.m2/repository/org/glassfish/hk2/hk2-utils/3.0.5/hk2-utils-3.0.5.jar:/home/runner/.m2/repository/org/glassfish/hk2/hk2-api/3.0.5/hk2-api-3.0.5.jar:/home/runner/.m2/repository/org/glassfish/hk2/hk2-core/3.0.5/hk2-core-3.0.5.jar:/home/runner/.m2/repository/org/glassfish/hk2/hk2-runlevel/3.0.5/hk2-runlevel-3.0.5.jar:/home/runner/.m2/repository/org/glassfish/hk2/class-model/3.0.5/class-model-3.0.5.jar:/home/runner/.m2/repository/org/ow2/asm/asm-analysis/9.6/asm-analysis-9.6.jar:/home/runner/.m2/repository/org/ow2/asm/asm-commons/9.6/asm-commons-9.6.jar:/home/runner/.m2/repository/org/ow2/asm/asm-tree/9.6/asm-tree-9.6.jar:/home/runner/.m2/repository/org/ow2/asm/asm-util/9.6/asm-util-9.6.jar:/home/runner/.m2/repository/org/glassfish/hk2/spring-bridge/3.0.5/spring-bridge-3.0.5.jar:/home/runner/.m2/repository/org/glassfish/jersey/media/jersey-media-json-jackson/3.1.5/jersey-media-json-jackson-3.1.5.jar:/home/runner/.m2/repository/org/glassfish/jersey/ext/jersey-entity-filtering/3.1.5/jersey-entity-filtering-3.1.5.jar:/home/runner/.m2/repository/org/camunda/bpm/springboot/camunda-bpm-spring-boot-starter-webapp/7.20.0/camunda-bpm-spring-boot-starter-webapp-7.20.0.jar:/home/runner/.m2/repository/org/camunda/bpm/springboot/camunda-bpm-spring-boot-starter-webapp-core/7.20.0/camunda-bpm-spring-boot-starter-webapp-core-7.20.0.jar:/home/runner/.m2/repository/org/camunda/bpm/webapp/camunda-webapp-jakarta/7.20.0/camunda-webapp-jakarta-7.20.0-classes.jar:/home/runner/.m2/repository/org/camunda/bpm/webapp/camunda-webapp-webjar/7.20.0/camunda-webapp-webjar-7.20.0.jar:/home/runner/.m2/repository/com/zaxxer/HikariCP/5.0.1/HikariCP-5.0.1.jar:/home/runner/.m2/repository/org/slf4j/slf4j-api/2.0.11/slf4j-api-2.0.11.jar:/home/runner/.m2/repository/org/camunda/bpm/camunda-engine/7.20.0/camunda-engine-7.20.0.jar:/home/runner/.m2/repository/org/camunda/bpm/model/camunda-bpmn-model/7.20.0/camunda-bpmn-model-7.20.0.jar:/home/runner/.m2/repository/org/camunda/bpm/model/camunda-xml-model/7.20.0/camunda-xml-model-7.20.0.jar:/home/runner/.m2/repository/org/camunda/bpm/model/camunda-cmmn-model/7.20.0/camunda-cmmn-model-7.20.0.jar:/home/runner/.m2/repository/org/camunda/bpm/juel/camunda-juel/7.20.0/camunda-juel-7.20.0.jar:/home/runner/.m2/repository/org/camunda/bpm/dmn/camunda-engine-dmn/7.20.0/camunda-engine-dmn-7.20.0.jar:/home/runner/.m2/repository/org/camunda/bpm/model/camunda-dmn-model/7.20.0/camunda-dmn-model-7.20.0.jar:/home/runner/.m2/repository/org/camunda/bpm/dmn/camunda-engine-feel-api/7.20.0/camunda-engine-feel-api-7.20.0.jar:/home/runner/.m2/repository/org/camunda/bpm/dmn/camunda-engine-feel-juel/7.20.0/camunda-engine-feel-juel-7.20.0.jar:/home/runner/.m2/repository/org/camunda/bpm/dmn/camunda-engine-feel-scala/7.20.0/camunda-engine-feel-scala-7.20.0.jar:/home/runner/.m2/repository/org/camunda/feel/feel-engine/1.16.2/feel-engine-1.16.2-scala-shaded.jar:/home/runner/.m2/repository/org/camunda/commons/camunda-commons-logging/1.13.0/camunda-commons-logging-1.13.0.jar:/home/runner/.m2/repository/org/camunda/commons/camunda-commons-typed-values/7.20.0/camunda-commons-typed-values-7.20.0.jar:/home/runner/.m2/repository/org/mybatis/mybatis/3.5.6/mybatis-3.5.6.jar:/home/runner/.m2/repository/org/springframework/spring-beans/6.0.16/spring-beans-6.0.16.jar:/home/runner/.m2/repository/org/springframework/spring-core/6.0.16/spring-core-6.0.16.jar:/home/runner/.m2/repository/org/springframework/spring-jcl/6.0.16/spring-jcl-6.0.16.jar:/home/runner/.m2/repository/joda-time/joda-time/2.1/joda-time-2.1.jar:/home/runner/.m2/repository/org/camunda/connect/camunda-connect-core/1.6.0/camunda-connect-core-1.6.0.jar:/home/runner/.m2/repository/org/camunda/connect/camunda-connect-connectors-all/1.6.0/camunda-connect-connectors-all-1.6.0.jar:/home/runner/.m2/repository/org/camunda/bpm/camunda-engine-spring/7.20.0/camunda-engine-spring-7.20.0.jar:/home/runner/.m2/repository/org/camunda/bpm/camunda-engine-plugin-spin/7.20.0/camunda-engine-plugin-spin-7.20.0.jar:/home/runner/.m2/repository/org/camunda/spin/camunda-spin-core/1.22.0/camunda-spin-core-1.22.0.jar:/home/runner/.m2/repository/org/camunda/commons/camunda-commons-utils/1.13.0/camunda-commons-utils-1.13.0.jar:/home/runner/.m2/repository/org/camunda/spin/camunda-spin-dataformat-all/1.22.0/camunda-spin-dataformat-all-1.22.0.jar:/home/runner/.m2/repository/org/springframework/boot/spring-boot-starter-data-redis/3.1.8/spring-boot-starter-data-redis-3.1.8.jar:/home/runner/.m2/repository/org/springframework/boot/spring-boot-starter/3.1.8/spring-boot-starter-3.1.8.jar:/home/runner/.m2/repository/org/springframework/boot/spring-boot/3.1.8/spring-boot-3.1.8.jar:/home/runner/.m2/repository/org/springframework/boot/spring-boot-starter-logging/3.1.8/spring-boot-starter-logging-3.1.8.jar:/home/runner/.m2/repository/ch/qos/logback/logback-classic/1.4.14/logback-classic-1.4.14.jar:/home/runner/.m2/repository/ch/qos/logback/logback-core/1.4.14/logback-core-1.4.14.jar:/home/runner/.m2/repository/org/apache/logging/log4j/log4j-to-slf4j/2.20.0/log4j-to-slf4j-2.20.0.jar:/home/runner/.m2/repository/org/apache/logging/log4j/log4j-api/2.20.0/log4j-api-2.20.0.jar:/home/runner/.m2/repository/org/slf4j/jul-to-slf4j/2.0.11/jul-to-slf4j-2.0.11.jar:/home/runner/.m2/repository/jakarta/annotation/jakarta.annotation-api/2.1.1/jakarta.annotation-api-2.1.1.jar:/home/runner/.m2/repository/org/yaml/snakeyaml/1.33/snakeyaml-1.33.jar:/home/runner/.m2/repository/org/springframework/data/spring-data-redis/3.1.8/spring-data-redis-3.1.8.jar:/home/runner/.m2/repository/org/springframework/data/spring-data-keyvalue/3.1.8/spring-data-keyvalue-3.1.8.jar:/home/runner/.m2/repository/org/springframework/data/spring-data-commons/3.1.8/spring-data-commons-3.1.8.jar:/home/runner/.m2/repository/org/springframework/spring-oxm/6.0.16/spring-oxm-6.0.16.jar:/home/runner/.m2/repository/org/springframework/spring-aop/6.0.16/spring-aop-6.0.16.jar:/home/runner/.m2/repository/org/springframework/spring-context-support/6.0.16/spring-context-support-6.0.16.jar:/home/runner/.m2/repository/io/lettuce/lettuce-core/6.2.7.RELEASE/lettuce-core-6.2.7.RELEASE.jar:/home/runner/.m2/repository/io/netty/netty-common/4.1.105.Final/netty-common-4.1.105.Final.jar:/home/runner/.m2/repository/io/netty/netty-handler/4.1.105.Final/netty-handler-4.1.105.Final.jar:/home/runner/.m2/repository/io/netty/netty-resolver/4.1.105.Final/netty-resolver-4.1.105.Final.jar:/home/runner/.m2/repository/io/netty/netty-buffer/4.1.105.Final/netty-buffer-4.1.105.Final.jar:/home/runner/.m2/repository/io/netty/netty-transport-native-unix-common/4.1.105.Final/netty-transport-native-unix-common-4.1.105.Final.jar:/home/runner/.m2/repository/io/netty/netty-codec/4.1.105.Final/netty-codec-4.1.105.Final.jar:/home/runner/.m2/repository/io/netty/netty-transport/4.1.105.Final/netty-transport-4.1.105.Final.jar:/home/runner/.m2/repository/io/projectreactor/reactor-core/3.5.14/reactor-core-3.5.14.jar:/home/runner/.m2/repository/org/reactivestreams/reactive-streams/1.0.4/reactive-streams-1.0.4.jar:/home/runner/.m2/repository/redis/clients/jedis/3.7.0/jedis-3.7.0.jar:/home/runner/.m2/repository/org/apache/commons/commons-pool2/2.11.1/commons-pool2-2.11.1.jar:/home/runner/.m2/repository/net/ttddyy/observation/datasource-micrometer-spring-boot/1.0.3/datasource-micrometer-spring-boot-1.0.3.jar:/home/runner/.m2/repository/net/ttddyy/observation/datasource-micrometer/1.0.3/datasource-micrometer-1.0.3.jar:/home/runner/.m2/repository/net/ttddyy/datasource-proxy/1.8.1/datasource-proxy-1.8.1.jar:/home/runner/.m2/repository/org/springframework/boot/spring-boot-actuator-autoconfigure/3.1.8/spring-boot-actuator-autoconfigure-3.1.8.jar:/home/runner/.m2/repository/org/springframework/boot/spring-boot-actuator/3.1.8/spring-boot-actuator-3.1.8.jar:/home/runner/.m2/repository/org/camunda/bpm/springboot/camunda-bpm-spring-boot-starter-test/7.20.0/camunda-bpm-spring-boot-starter-test-7.20.0.jar:/home/runner/.m2/repository/org/springframework/boot/spring-boot-starter-test/3.1.8/spring-boot-starter-test-3.1.8.jar:/home/runner/.m2/repository/org/springframework/boot/spring-boot-test/3.1.8/spring-boot-test-3.1.8.jar:/home/runner/.m2/repository/org/springframework/boot/spring-boot-test-autoconfigure/3.1.8/spring-boot-test-autoconfigure-3.1.8.jar:/home/runner/.m2/repository/com/jayway/jsonpath/json-path/2.8.0/json-path-2.8.0.jar:/home/runner/.m2/repository/jakarta/xml/bind/jakarta.xml.bind-api/4.0.1/jakarta.xml.bind-api-4.0.1.jar:/home/runner/.m2/repository/jakarta/activation/jakarta.activation-api/2.1.2/jakarta.activation-api-2.1.2.jar:/home/runner/.m2/repository/net/minidev/json-smart/2.4.11/json-smart-2.4.11.jar:/home/runner/.m2/repository/net/minidev/accessors-smart/2.4.11/accessors-smart-2.4.11.jar:/home/runner/.m2/repository/org/ow2/asm/asm/9.3/asm-9.3.jar:/home/runner/.m2/repository/org/assertj/assertj-core/3.24.2/assertj-core-3.24.2.jar:/home/runner/.m2/repository/net/bytebuddy/byte-buddy/1.14.11/byte-buddy-1.14.11.jar:/home/runner/.m2/repository/org/hamcrest/hamcrest/2.2/hamcrest-2.2.jar:/home/runner/.m2/repository/org/junit/jupiter/junit-jupiter/5.9.3/junit-jupiter-5.9.3.jar:/home/runner/.m2/repository/org/junit/jupiter/junit-jupiter-api/5.9.3/junit-jupiter-api-5.9.3.jar:/home/runner/.m2/repository/org/junit/jupiter/junit-jupiter-params/5.9.3/junit-jupiter-params-5.9.3.jar:/home/runner/.m2/repository/org/junit/jupiter/junit-jupiter-engine/5.9.3/junit-jupiter-engine-5.9.3.jar:/home/runner/.m2/repository/org/mockito/mockito-core/5.3.1/mockito-core-5.3.1.jar:/home/runner/.m2/repository/net/bytebuddy/byte-buddy-agent/1.14.11/byte-buddy-agent-1.14.11.jar:/home/runner/.m2/repository/org/objenesis/objenesis/3.3/objenesis-3.3.jar:/home/runner/.m2/repository/org/mockito/mockito-junit-jupiter/5.3.1/mockito-junit-jupiter-5.3.1.jar:/home/runner/.m2/repository/org/skyscreamer/jsonassert/1.5.1/jsonassert-1.5.1.jar:/home/runner/.m2/repository/com/vaadin/external/google/android-json/0.0.20131108.vaadin1/android-json-0.0.20131108.vaadin1.jar:/home/runner/.m2/repository/org/springframework/spring-test/6.0.16/spring-test-6.0.16.jar:/home/runner/.m2/repository/org/xmlunit/xmlunit-core/2.9.1/xmlunit-core-2.9.1.jar:/home/runner/.m2/repository/org/junit/vintage/junit-vintage-engine/5.9.3/junit-vintage-engine-5.9.3.jar:/home/runner/.m2/repository/org/junit/platform/junit-platform-engine/1.9.3/junit-platform-engine-1.9.3.jar:/home/runner/.m2/repository/org/opentest4j/opentest4j/1.2.0/opentest4j-1.2.0.jar:/home/runner/.m2/repository/org/junit/platform/junit-platform-commons/1.9.3/junit-platform-commons-1.9.3.jar:/home/runner/.m2/repository/junit/junit/4.13.2/junit-4.13.2.jar:/home/runner/.m2/repository/org/apiguardian/apiguardian-api/1.1.2/apiguardian-api-1.1.2.jar:/home/runner/.m2/repository/org/camunda/bpm/camunda-bpm-assert/7.20.0/camunda-bpm-assert-7.20.0.jar:/home/runner/.m2/repository/org/springframework/boot/spring-boot-starter-web/3.1.8/spring-boot-starter-web-3.1.8.jar:/home/runner/.m2/repository/org/springframework/boot/spring-boot-starter-json/3.1.8/spring-boot-starter-json-3.1.8.jar:/home/runner/.m2/repository/com/fasterxml/jackson/datatype/jackson-datatype-jdk8/2.15.3/jackson-datatype-jdk8-2.15.3.jar:/home/runner/.m2/repository/com/fasterxml/jackson/module/jackson-module-parameter-names/2.15.3/jackson-module-parameter-names-2.15.3.jar:/home/runner/.m2/repository/org/springframework/boot/spring-boot-starter-tomcat/3.1.8/spring-boot-starter-tomcat-3.1.8.jar:/home/runner/.m2/repository/org/apache/tomcat/embed/tomcat-embed-core/10.1.18/tomcat-embed-core-10.1.18.jar:/home/runner/.m2/repository/org/apache/tomcat/embed/tomcat-embed-el/10.1.18/tomcat-embed-el-10.1.18.jar:/home/runner/.m2/repository/org/apache/tomcat/embed/tomcat-embed-websocket/10.1.18/tomcat-embed-websocket-10.1.18.jar:/home/runner/.m2/repository/org/springframework/spring-web/6.0.16/spring-web-6.0.16.jar:/home/runner/.m2/repository/org/springframework/spring-webmvc/6.0.16/spring-webmvc-6.0.16.jar:/home/runner/.m2/repository/org/springframework/spring-expression/6.0.16/spring-expression-6.0.16.jar:/home/runner/.m2/repository/com/h2database/h2/2.1.214/h2-2.1.214.jar:/home/runner/.m2/repository/org/springframework/boot/spring-boot-starter-jdbc/3.1.8/spring-boot-starter-jdbc-3.1.8.jar:/home/runner/.m2/repository/org/springframework/spring-jdbc/6.0.16/spring-jdbc-6.0.16.jar:/home/runner/.m2/repository/org/springframework/boot/spring-boot-starter-actuator/3.1.8/spring-boot-starter-actuator-3.1.8.jar:/home/runner/.m2/repository/io/micrometer/micrometer-observation/1.11.8/micrometer-observation-1.11.8.jar:/home/runner/.m2/repository/io/micrometer/micrometer-commons/1.11.8/micrometer-commons-1.11.8.jar:/home/runner/.m2/repository/io/micrometer/micrometer-core/1.11.8/micrometer-core-1.11.8.jar:/home/runner/.m2/repository/org/hdrhistogram/HdrHistogram/2.1.12/HdrHistogram-2.1.12.jar:/home/runner/.m2/repository/org/latencyutils/LatencyUtils/2.0.3/LatencyUtils-2.0.3.jar:/home/runner/.m2/repository/io/micrometer/micrometer-tracing/1.1.9/micrometer-tracing-1.1.9.jar:/home/runner/.m2/repository/io/micrometer/context-propagation/1.0.6/context-propagation-1.0.6.jar:/home/runner/.m2/repository/aopalliance/aopalliance/1.0/aopalliance-1.0.jar:/home/runner/.m2/repository/io/micrometer/micrometer-tracing-bridge-otel/1.1.9/micrometer-tracing-bridge-otel-1.1.9.jar:/home/runner/.m2/repository/io/opentelemetry/opentelemetry-api/1.25.0/opentelemetry-api-1.25.0.jar:/home/runner/.m2/repository/io/opentelemetry/opentelemetry-context/1.25.0/opentelemetry-context-1.25.0.jar:/home/runner/.m2/repository/io/opentelemetry/opentelemetry-semconv/1.25.0-alpha/opentelemetry-semconv-1.25.0-alpha.jar:/home/runner/.m2/repository/io/opentelemetry/opentelemetry-sdk-common/1.25.0/opentelemetry-sdk-common-1.25.0.jar:/home/runner/.m2/repository/io/opentelemetry/opentelemetry-sdk-trace/1.25.0/opentelemetry-sdk-trace-1.25.0.jar:/home/runner/.m2/repository/io/opentelemetry/opentelemetry-sdk/1.25.0/opentelemetry-sdk-1.25.0.jar:/home/runner/.m2/repository/io/opentelemetry/opentelemetry-sdk-logs/1.25.0-alpha/opentelemetry-sdk-logs-1.25.0-alpha.jar:/home/runner/.m2/repository/io/opentelemetry/opentelemetry-api-logs/1.25.0-alpha/opentelemetry-api-logs-1.25.0-alpha.jar:/home/runner/.m2/repository/io/opentelemetry/opentelemetry-api-events/1.25.0-alpha/opentelemetry-api-events-1.25.0-alpha.jar:/home/runner/.m2/repository/io/opentelemetry/instrumentation/opentelemetry-instrumentation-api-semconv/1.25.1-alpha/opentelemetry-instrumentation-api-semconv-1.25.1-alpha.jar:/home/runner/.m2/repository/io/opentelemetry/instrumentation/opentelemetry-instrumentation-api/1.25.1/opentelemetry-instrumentation-api-1.25.1.jar:/home/runner/.m2/repository/io/opentelemetry/opentelemetry-extension-trace-propagators/1.25.0/opentelemetry-extension-trace-propagators-1.25.0.jar:/home/runner/.m2/repository/io/opentelemetry/opentelemetry-exporter-otlp/1.25.0/opentelemetry-exporter-otlp-1.25.0.jar:/home/runner/.m2/repository/io/opentelemetry/opentelemetry-sdk-metrics/1.25.0/opentelemetry-sdk-metrics-1.25.0.jar:/home/runner/.m2/repository/io/opentelemetry/opentelemetry-exporter-otlp-common/1.25.0/opentelemetry-exporter-otlp-common-1.25.0.jar:/home/runner/.m2/repository/io/opentelemetry/opentelemetry-exporter-common/1.25.0/opentelemetry-exporter-common-1.25.0.jar:/home/runner/.m2/repository/com/squareup/okhttp3/okhttp/4.10.0/okhttp-4.10.0.jar:/home/runner/.m2/repository/com/squareup/okio/okio-jvm/3.0.0/okio-jvm-3.0.0.jar:/home/runner/.m2/repository/org/jetbrains/kotlin/kotlin-stdlib-jdk8/1.8.22/kotlin-stdlib-jdk8-1.8.22.jar:/home/runner/.m2/repository/org/jetbrains/kotlin/kotlin-stdlib-jdk7/1.8.22/kotlin-stdlib-jdk7-1.8.22.jar:/home/runner/.m2/repository/org/jetbrains/kotlin/kotlin-stdlib-common/1.8.22/kotlin-stdlib-common-1.8.22.jar:/home/runner/.m2/repository/org/jetbrains/kotlin/kotlin-stdlib/1.8.22/kotlin-stdlib-1.8.22.jar:/home/runner/.m2/repository/org/jetbrains/annotations/13.0/annotations-13.0.jar:/home/runner/.m2/repository/io/opentelemetry/opentelemetry-sdk-extension-autoconfigure-spi/1.25.0/opentelemetry-sdk-extension-autoconfigure-spi-1.25.0.jar:/home/runner/.m2/repository/org/projectlombok/lombok/1.18.30/lombok-1.18.30.jar:/home/runner/.m2/repository/org/postgresql/postgresql/42.7.2/postgresql-42.7.2.jar:/home/runner/.m2/repository/org/checkerframework/checker-qual/3.42.0/checker-qual-3.42.0.jar:/home/runner/.m2/repository/org/graalvm/js/js/21.1.0/js-21.1.0.jar:/home/runner/.m2/repository/org/graalvm/regex/regex/21.1.0/regex-21.1.0.jar:/home/runner/.m2/repository/org/graalvm/truffle/truffle-api/21.1.0/truffle-api-21.1.0.jar:/home/runner/.m2/repository/org/graalvm/sdk/graal-sdk/21.1.0/graal-sdk-21.1.0.jar:/home/runner/.m2/repository/com/ibm/icu/icu4j/68.2/icu4j-68.2.jar:/home/runner/.m2/repository/org/graalvm/js/js-scriptengine/21.1.0/js-scriptengine-21.1.0.jar:/home/runner/.m2/repository/org/sonarsource/scanner/maven/sonar-maven-plugin/3.11.0.3922/sonar-maven-plugin-3.11.0.3922.jar:/home/runner/.m2/repository/org/codehaus/plexus/plexus-sec-dispatcher/2.0/plexus-sec-dispatcher-2.0.jar:/home/runner/.m2/repository/org/codehaus/plexus/plexus-utils/3.4.1/plexus-utils-3.4.1.jar:/home/runner/.m2/repository/org/codehaus/plexus/plexus-cipher/2.0/plexus-cipher-2.0.jar:/home/runner/.m2/repository/javax/inject/javax.inject/1/javax.inject-1.jar:/home/runner/.m2/repository/org/sonarsource/scanner/api/sonar-scanner-api/2.16.3.1081/sonar-scanner-api-2.16.3.1081.jar:/home/runner/.m2/repository/commons-lang/commons-lang/2.6/commons-lang-2.6.jar:"/>
    <property name="sun.cpu.endian" value="little"/>
    <property name="user.home" value="/home/runner"/>
    <property name="user.language" value="en"/>
    <property name="java.specification.vendor" value="Oracle Corporation"/>
    <property name="java.version.date" value="2024-04-16"/>
    <property name="java.home" value="/opt/hostedtoolcache/graalvm-jdk-21_linux-x64_bin/21.0.0/x64/graalvm-jdk-21.0.3+7.1"/>
    <property name="file.separator" value="/"/>
    <property name="basedir" value="/home/runner/work/atm-layer-wf-engine/atm-layer-wf-engine"/>
    <property name="java.vm.compressedOopsMode" value="Zero based"/>
    <property name="jdk.internal.vm.ci.enabled" value="true"/>
    <property name="line.separator" value="&#10;"/>
    <property name="java.specification.name" value="Java Platform API Specification"/>
    <property name="java.vm.specification.vendor" value="Oracle Corporation"/>
    <property name="surefire.real.class.path" value="/home/runner/work/atm-layer-wf-engine/atm-layer-wf-engine/target/surefire/surefirebooter-20240604131035416_3.jar"/>
    <property name="sun.management.compiler" value="HotSpot 64-Bit Tiered Compilers"/>
    <property name="java.runtime.version" value="21.0.3+7-LTS-jvmci-23.1-b37"/>
    <property name="user.name" value="runner"/>
    <property name="stdout.encoding" value="UTF-8"/>
    <property name="path.separator" value=":"/>
    <property name="os.version" value="6.5.0-1021-azure"/>
    <property name="java.runtime.name" value="Java(TM) SE Runtime Environment"/>
    <property name="file.encoding" value="UTF-8"/>
    <property name="java.vm.name" value="Java HotSpot(TM) 64-Bit Server VM"/>
    <property name="java.vendor.version" value="Oracle GraalVM 21.0.3+7.1"/>
    <property name="localRepository" value="/home/runner/.m2/repository"/>
    <property name="java.vendor.url.bug" value="https://bugreport.java.com/bugreport/"/>
    <property name="java.io.tmpdir" value="/tmp"/>
    <property name="java.version" value="21.0.3"/>
    <property name="user.dir" value="/home/runner/work/atm-layer-wf-engine/atm-layer-wf-engine"/>
    <property name="os.arch" value="amd64"/>
    <property name="java.vm.specification.name" value="Java Virtual Machine Specification"/>
    <property name="native.encoding" value="UTF-8"/>
    <property name="java.library.path" value="/usr/java/packages/lib:/usr/lib64:/lib64:/lib:/usr/lib"/>
    <property name="java.vm.info" value="mixed mode, sharing"/>
    <property name="stderr.encoding" value="UTF-8"/>
    <property name="java.vendor" value="Oracle Corporation"/>
    <property name="java.vm.version" value="21.0.3+7-LTS-jvmci-23.1-b37"/>
    <property name="sun.io.unicode.encoding" value="UnicodeLittle"/>
    <property name="java.class.version" value="65.0"/>
  </properties>
  <testcase name="testNotifySpanNotNull" classname="it.pagopa.wf.engine.delegate.TracerDelegateStartTest" time="0.994"/>
</testsuite>